# JRE version: Java(TM) SE Runtime Environment (8.0_221-b11) (build 1.8.0_221-b11)
# Java VM: Java HotSpot(TM) 64-Bit Server VM (25.221-b11 mixed mode windows-amd64 compressed oops)
Heap:
 PSYoungGen      total 281600K, used 73144K [0x0000000717380000, 0x0000000730300000, 0x00000007c0000000)
  eden space 260096K, 28% used [0x0000000717380000,0x000000071baee270,0x0000000727180000)
  from space 21504K, 0% used [0x0000000727180000,0x0000000727180000,0x0000000728680000)
  to   space 21504K, 0% used [0x000000072ee00000,0x000000072ee00000,0x0000000730300000)
 ParOldGen       total 322560K, used 21678K [0x00000005c5a00000, 0x00000005d9500000, 0x0000000717380000)
  object space 322560K, 6% used [0x00000005c5a00000,0x00000005c6f2bba0,0x00000005d9500000)
 Metaspace       used 41415K, capacity 43534K, committed 43904K, reserved 1087488K
  class space    used 5555K, capacity 5970K, committed 6016K, reserved 1048576K
GC Heap History (10 events):
Event: 1.138 GC heap before
{Heap before GC invocations=1 (full 0):
 PSYoungGen      total 151552K, used 130048K [0x0000000717380000, 0x0000000721c80000, 0x00000007c0000000)
  eden space 130048K, 100% used [0x0000000717380000,0x000000071f280000,0x000000071f280000)
  from space 21504K, 0% used [0x0000000720780000,0x0000000720780000,0x0000000721c80000)
  to   space 21504K, 0% used [0x000000071f280000,0x000000071f280000,0x0000000720780000)
 ParOldGen       total 347136K, used 0K [0x00000005c5a00000, 0x00000005dad00000, 0x0000000717380000)
  object space 347136K, 0% used [0x00000005c5a00000,0x00000005c5a00000,0x00000005dad00000)
 Metaspace       used 17196K, capacity 18030K, committed 18304K, reserved 1064960K
  class space    used 2188K, capacity 2381K, committed 2432K, reserved 1048576K
Event: 1.165 GC heap after
Heap after GC invocations=1 (full 0):
 PSYoungGen      total 151552K, used 14774K [0x0000000717380000, 0x0000000729b80000, 0x00000007c0000000)
  eden space 130048K, 0% used [0x0000000717380000,0x0000000717380000,0x000000071f280000)
  from space 21504K, 68% used [0x000000071f280000,0x00000007200ed880,0x0000000720780000)
  to   space 21504K, 0% used [0x0000000728680000,0x0000000728680000,0x0000000729b80000)
 ParOldGen       total 347136K, used 24K [0x00000005c5a00000, 0x00000005dad00000, 0x0000000717380000)
  object space 347136K, 0% used [0x00000005c5a00000,0x00000005c5a06000,0x00000005dad00000)
 Metaspace       used 17196K, capacity 18030K, committed 18304K, reserved 1064960K
  class space    used 2188K, capacity 2381K, committed 2432K, reserved 1048576K
}
Event: 1.775 GC heap before
{Heap before GC invocations=2 (full 0):
 PSYoungGen      total 151552K, used 69595K [0x0000000717380000, 0x0000000729b80000, 0x00000007c0000000)
  eden space 130048K, 42% used [0x0000000717380000,0x000000071a909638,0x000000071f280000)
  from space 21504K, 68% used [0x000000071f280000,0x00000007200ed880,0x0000000720780000)
  to   space 21504K, 0% used [0x0000000728680000,0x0000000728680000,0x0000000729b80000)
 ParOldGen       total 347136K, used 24K [0x00000005c5a00000, 0x00000005dad00000, 0x0000000717380000)
  object space 347136K, 0% used [0x00000005c5a00000,0x00000005c5a06000,0x00000005dad00000)
 Metaspace       used 20114K, capacity 21222K, committed 21296K, reserved 1067008K
  class space    used 2670K, capacity 2903K, committed 2944K, reserved 1048576K
Event: 1.786 GC heap after
Heap after GC invocations=2 (full 0):
 PSYoungGen      total 281600K, used 11103K [0x0000000717380000, 0x0000000729b80000, 0x00000007c0000000)
  eden space 260096K, 0% used [0x0000000717380000,0x0000000717380000,0x0000000727180000)
  from space 21504K, 51% used [0x0000000728680000,0x0000000729157c30,0x0000000729b80000)
  to   space 21504K, 0% used [0x0000000727180000,0x0000000727180000,0x0000000728680000)
 ParOldGen       total 347136K, used 32K [0x00000005c5a00000, 0x00000005dad00000, 0x0000000717380000)
  object space 347136K, 0% used [0x00000005c5a00000,0x00000005c5a08000,0x00000005dad00000)
 Metaspace       used 20114K, capacity 21222K, committed 21296K, reserved 1067008K
  class space    used 2670K, capacity 2903K, committed 2944K, reserved 1048576K
}
Event: 1.786 GC heap before
{Heap before GC invocations=3 (full 1):
 PSYoungGen      total 281600K, used 11103K [0x0000000717380000, 0x0000000729b80000, 0x00000007c0000000)
  eden space 260096K, 0% used [0x0000000717380000,0x0000000717380000,0x0000000727180000)
  from space 21504K, 51% used [0x0000000728680000,0x0000000729157c30,0x0000000729b80000)
  to   space 21504K, 0% used [0x0000000727180000,0x0000000727180000,0x0000000728680000)
 ParOldGen       total 347136K, used 32K [0x00000005c5a00000, 0x00000005dad00000, 0x0000000717380000)
  object space 347136K, 0% used [0x00000005c5a00000,0x00000005c5a08000,0x00000005dad00000)
 Metaspace       used 20114K, capacity 21222K, committed 21296K, reserved 1067008K
  class space    used 2670K, capacity 2903K, committed 2944K, reserved 1048576K
Event: 1.826 GC heap after
Heap after GC invocations=3 (full 1):
 PSYoungGen      total 281600K, used 0K [0x0000000717380000, 0x0000000729b80000, 0x00000007c0000000)
  eden space 260096K, 0% used [0x0000000717380000,0x0000000717380000,0x0000000727180000)
  from space 21504K, 0% used [0x0000000728680000,0x0000000728680000,0x0000000729b80000)
  to   space 21504K, 0% used [0x0000000727180000,0x0000000727180000,0x0000000728680000)
 ParOldGen       total 208896K, used 10748K [0x00000005c5a00000, 0x00000005d2600000, 0x0000000717380000)
  object space 208896K, 5% used [0x00000005c5a00000,0x00000005c647f180,0x00000005d2600000)
 Metaspace       used 20114K, capacity 21222K, committed 21296K, reserved 1067008K
  class space    used 2670K, capacity 2903K, committed 2944K, reserved 1048576K
}
Event: 5.361 GC heap before
{Heap before GC invocations=4 (full 1):
 PSYoungGen      total 281600K, used 149236K [0x0000000717380000, 0x0000000729b80000, 0x00000007c0000000)
  eden space 260096K, 57% used [0x0000000717380000,0x000000072053d128,0x0000000727180000)
  from space 21504K, 0% used [0x0000000728680000,0x0000000728680000,0x0000000729b80000)
  to   space 21504K, 0% used [0x0000000727180000,0x0000000727180000,0x0000000728680000)
 ParOldGen       total 208896K, used 10748K [0x00000005c5a00000, 0x00000005d2600000, 0x0000000717380000)
  object space 208896K, 5% used [0x00000005c5a00000,0x00000005c647f180,0x00000005d2600000)
 Metaspace       used 33444K, capacity 35360K, committed 35496K, reserved 1079296K
  class space    used 4375K, capacity 4756K, committed 4864K, reserved 1048576K
Event: 5.376 GC heap after
Heap after GC invocations=4 (full 1):
 PSYoungGen      total 281600K, used 15323K [0x0000000717380000, 0x0000000730300000, 0x00000007c0000000)
  eden space 260096K, 0% used [0x0000000717380000,0x0000000717380000,0x0000000727180000)
  from space 21504K, 71% used [0x0000000727180000,0x0000000728076e50,0x0000000728680000)
  to   space 21504K, 0% used [0x000000072ee00000,0x000000072ee00000,0x0000000730300000)
 ParOldGen       total 208896K, used 10756K [0x00000005c5a00000, 0x00000005d2600000, 0x0000000717380000)
  object space 208896K, 5% used [0x00000005c5a00000,0x00000005c6481180,0x00000005d2600000)
 Metaspace       used 33444K, capacity 35360K, committed 35496K, reserved 1079296K
  class space    used 4375K, capacity 4756K, committed 4864K, reserved 1048576K
}
Event: 5.376 GC heap before
{Heap before GC invocations=5 (full 2):
 PSYoungGen      total 281600K, used 15323K [0x0000000717380000, 0x0000000730300000, 0x00000007c0000000)
  eden space 260096K, 0% used [0x0000000717380000,0x0000000717380000,0x0000000727180000)
  from space 21504K, 71% used [0x0000000727180000,0x0000000728076e50,0x0000000728680000)
  to   space 21504K, 0% used [0x000000072ee00000,0x000000072ee00000,0x0000000730300000)
 ParOldGen       total 208896K, used 10756K [0x00000005c5a00000, 0x00000005d2600000, 0x0000000717380000)
  object space 208896K, 5% used [0x00000005c5a00000,0x00000005c6481180,0x00000005d2600000)
 Metaspace       used 33444K, capacity 35360K, committed 35496K, reserved 1079296K
  class space    used 4375K, capacity 4756K, committed 4864K, reserved 1048576K
Event: 5.413 GC heap after
Heap after GC invocations=5 (full 2):
 PSYoungGen      total 281600K, used 0K [0x0000000717380000, 0x0000000730300000, 0x00000007c0000000)
  eden space 260096K, 0% used [0x0000000717380000,0x0000000717380000,0x0000000727180000)
  from space 21504K, 0% used [0x0000000727180000,0x0000000727180000,0x0000000728680000)
  to   space 21504K, 0% used [0x000000072ee00000,0x000000072ee00000,0x0000000730300000)
 ParOldGen       total 322560K, used 21678K [0x00000005c5a00000, 0x00000005d9500000, 0x0000000717380000)
  object space 322560K, 6% used [0x00000005c5a00000,0x00000005c6f2bba0,0x00000005d9500000)
 Metaspace       used 33444K, capacity 35360K, committed 35496K, reserved 1079296K
  class space    used 4375K, capacity 4756K, committed 4864K, reserved 1048576K
}

